c:\users\user\desktop\my-sdl2-librery-main\sdl_samples\release\vc142.pdb
c:\users\user\desktop\my-sdl2-librery-main\sdl_samples\release\ui.obj
c:\users\user\desktop\my-sdl2-librery-main\sdl_samples\release\sprite.obj
c:\users\user\desktop\my-sdl2-librery-main\sdl_samples\release\sound.obj
c:\users\user\desktop\my-sdl2-librery-main\sdl_samples\release\main.obj
c:\users\user\desktop\my-sdl2-librery-main\sdl_samples\release\joystick.obj
c:\users\user\desktop\my-sdl2-librery-main\sdl_samples\release\graphic.obj
c:\users\user\desktop\my-sdl2-librery-main\sdl_samples\release\gaming.obj
c:\users\rco8\source\repos\sdl_samples\release\sdl2.dll
c:\users\rco8\source\repos\my-sdl2-librery\release\sdl2.dll
c:\users\rco8\source\repos\my-sdl2-librery\release\sdl2_ttf.dll
c:\users\rco8\source\repos\my-sdl2-librery\release\freetype.dll
c:\users\rco8\source\repos\my-sdl2-librery\release\zlib1.dll
c:\users\rco8\source\repos\my-sdl2-librery\release\bz2.dll
c:\users\rco8\source\repos\my-sdl2-librery\release\libpng16.dll
c:\users\rco8\source\repos\my-sdl2-librery\release\brotlidec.dll
c:\users\rco8\source\repos\my-sdl2-librery\release\brotlicommon.dll
c:\users\user\desktop\my-sdl2-librery-main\sdl_samples\release\game.obj
c:\users\user\desktop\my-sdl2-librery-main\sdl_samples\release\sdl_samples.ipdb
c:\users\user\desktop\my-sdl2-librery-main\sdl_samples\release\sdl_samples.iobj
c:\users\user\desktop\my-sdl2-librery-main\release\sdl_samples.pdb
c:\users\user\desktop\my-sdl2-librery-main\sdl_samples\release\sdl_samples.tlog\cl.command.1.tlog
c:\users\user\desktop\my-sdl2-librery-main\sdl_samples\release\sdl_samples.tlog\cl.read.1.tlog
c:\users\user\desktop\my-sdl2-librery-main\sdl_samples\release\sdl_samples.tlog\cl.write.1.tlog
c:\users\user\desktop\my-sdl2-librery-main\sdl_samples\release\sdl_samples.tlog\link.command.1.tlog
c:\users\user\desktop\my-sdl2-librery-main\sdl_samples\release\sdl_samples.tlog\link.read.1.tlog
c:\users\user\desktop\my-sdl2-librery-main\sdl_samples\release\sdl_samples.tlog\link.write.1.tlog
c:\users\user\desktop\my-sdl2-librery-main\sdl_samples\release\sdl_samples.tlog\sdl_samples.write.1u.tlog
